<?xml version="1.0" encoding="UTF-8"?>
<!-- Generated by org.testng.reporters.JUnitReportReporter -->
<testsuite hostname="Vignesh-pc" failures="0" tests="2" name="test.Omayotest001" time="8.472" errors="0" timestamp="2024-04-10T09:57:04 IST" skipped="0">
  <testcase classname="test.Omayotest001" name="tc_001" time="3.318"/>
  <system-out/>
  <testcase classname="test.Omayotest001" name="tc_002" time="5.154"/>
  <system-out/>
</testsuite> <!-- test.Omayotest001 -->
